<?xml version="1.0" encoding="UTF-8"?>
<testsuite xmlns:xsi="http://www.w3.org/2001/XMLSchema-instance" xsi:noNamespaceSchemaLocation="https://maven.apache.org/surefire/maven-surefire-plugin/xsd/surefire-test-report-3.0.xsd" version="3.0" name="com.nonder.rest_app.RestAppApplicationTests" time="1.54" tests="1" errors="0" skipped="0" failures="0">
  <properties>
[...]
</properties>
  <testcase name="contextLoads" classname="com.nonder.rest_app.RestAppApplicationTests" time="0.471">
    <system-out><![CDATA[23:20:22.360 [main] INFO org.springframework.test.context.support.AnnotationConfigContextLoaderUtils -- Could not detect default configuration classes for test class [com.nonder.rest_app.RestAppApplicationTests]: RestAppApplicationTests does not declare any static, non-private, non-final, nested classes annotated with @Configuration.
23:20:22.412 [main] INFO org.springframework.boot.test.context.SpringBootTestContextBootstrapper -- Found @SpringBootConfiguration com.nonder.rest_app.RestAppApplication for test class com.nonder.rest_app.RestAppApplicationTests

  .   ____          _            __ _ _
 /\\ / ___'_ __ _ _(_)_ __  __ _ \ \ \ \
( ( )\___ | '_ | '_| | '_ \/ _` | \ \ \ \
 \\/  ___)| |_)| | | | | || (_| |  ) ) ) )
  '  |____| .__|_| |_|_| |_\__, | / / / /
 =========|_|==============|___/=/_/_/_/

 :: Spring Boot ::                (v3.3.4)

2025-10-03T23:20:22.621+03:00  INFO 51501 --- [gcp-oauth2-client] [           main] c.n.rest_app.RestAppApplicationTests     : Starting RestAppApplicationTests using Java 21.0.3 with PID 51501 (started by nihat.onder in /Users/nihat.onder/Documents/devarea/sandbox/rest-client)
2025-10-03T23:20:22.622+03:00  INFO 51501 --- [gcp-oauth2-client] [           main] c.n.rest_app.RestAppApplicationTests     : No active profile set, falling back to 1 default profile: "default"
2025-10-03T23:20:23.239+03:00  INFO 51501 --- [gcp-oauth2-client] [           main] c.g.c.s.core.DefaultCredentialsProvider  : Default credentials provider for user 764086051850-6qr4p6gpi6hn506pt8ejuq83di341hur.apps.googleusercontent.com
2025-10-03T23:20:23.240+03:00  INFO 51501 --- [gcp-oauth2-client] [           main] c.g.c.s.core.DefaultCredentialsProvider  : Scopes in use by default credentials: [https://www.googleapis.com/auth/pubsub, https://www.googleapis.com/auth/spanner.admin, https://www.googleapis.com/auth/spanner.data, https://www.googleapis.com/auth/datastore, https://www.googleapis.com/auth/sqlservice.admin, https://www.googleapis.com/auth/devstorage.read_only, https://www.googleapis.com/auth/devstorage.read_write, https://www.googleapis.com/auth/cloudruntimeconfig, https://www.googleapis.com/auth/trace.append, https://www.googleapis.com/auth/cloud-platform, https://www.googleapis.com/auth/cloud-vision, https://www.googleapis.com/auth/bigquery, https://www.googleapis.com/auth/monitoring.write]
2025-10-03T23:20:23.290+03:00  INFO 51501 --- [gcp-oauth2-client] [           main] c.g.c.s.a.c.GcpContextAutoConfiguration  : The default project ID is rest-app-008
2025-10-03T23:20:23.333+03:00  INFO 51501 --- [gcp-oauth2-client] [           main] c.n.rest_app.RestAppApplicationTests     : Started RestAppApplicationTests in 0.86 seconds (process running for 1.32)
]]></system-out>
    <system-err><![CDATA[WARNING: A Java agent has been loaded dynamically (/Users/nihat.onder/.m2/repository/net/bytebuddy/byte-buddy-agent/1.14.19/byte-buddy-agent-1.14.19.jar)
WARNING: If a serviceability tool is in use, please run with -XX:+EnableDynamicAgentLoading to hide this warning
WARNING: If a serviceability tool is not in use, please run with -Djdk.instrument.traceUsage for more information
WARNING: Dynamic loading of agents will be disallowed by default in a future release
]]></system-err>
  </testcase>
</testsuite>